<?xml version="1.0" encoding="UTF-8"?>
<!-- Generated by org.testng.reporters.JUnitReportReporter -->
<testsuite hostname="DESKTOP-IPCLUFG" failures="0" tests="1" name="runner.HealthRunner" time="8.316" errors="0" timestamp="2021-12-21T12:17:25 IST" skipped="0">
  <testcase classname="runner.HealthRunner" name="basepage" time="8.316"/>
  <system-out/>
</testsuite> <!-- runner.HealthRunner -->
