<?xml version="1.0" encoding="UTF-8"?>
<!-- Generated by org.testng.reporters.JUnitReportReporter -->
<testsuite hostname="DESKTOP-IPCLUFG" failures="0" tests="1" name="runner.signinpage" time="2.148" errors="0" timestamp="2021-12-22T16:48:50 IST" skipped="0">
  <testcase classname="runner.signinpage" name="basepage" time="2.148"/>
  <system-out/>
</testsuite> <!-- runner.signinpage -->
