<?xml version="1.0" encoding="UTF-8"?>
<!-- Generated by org.testng.reporters.JUnitReportReporter -->
<testsuite hostname="DESKTOP-IPCLUFG" failures="0" tests="1" name="runner.AmezonApp" time="27.703" errors="0" timestamp="2021-12-23T12:48:48 IST" skipped="0">
  <testcase classname="runner.AmezonApp" name="test" time="27.703"/>
  <system-out/>
</testsuite> <!-- runner.AmezonApp -->
